{
  "RSpec": {
    "coverage": {
      "/Users/Ronan/Code/MeusPedidos/ucandidate-api/spec/factories/candidates.rb": [
        1,
        1,
        1,
        1,
        null,
        null
      ],
      "/Users/Ronan/Code/MeusPedidos/ucandidate-api/app/controllers/api/v1/candidates_controller.rb": [
        1,
        1,
        1,
        1,
        null,
        null,
        null,
        1,
        null,
        null,
        null,
        null,
        1,
        4,
        null,
        4,
        4,
        6,
        null,
        2,
        null,
        null,
        null,
        null,
        1,
        null,
        1,
        1,
        null,
        null,
        null,
        1,
        4,
        null,
        null,
        null,
        null
      ],
      "/Users/Ronan/Code/MeusPedidos/ucandidate-api/app/controllers/application_controller.rb": [
        1,
        1,
        1,
        1,
        null
      ],
      "/Users/Ronan/Code/MeusPedidos/ucandidate-api/spec/models/candidate_spec.rb": [
        1,
        null,
        1,
        1,
        2,
        null,
        null,
        1,
        1,
        null,
        null,
        1,
        1,
        1,
        1,
        null,
        null
      ],
      "/Users/Ronan/Code/MeusPedidos/ucandidate-api/app/models/candidate.rb": [
        1,
        1,
        1,
        null,
        1,
        1,
        null,
        1,
        null
      ]
    },
    "timestamp": 1432940042
  }
}
