{
  "RSpec": {
    "coverage": {
      "/Users/Ronan/Code/MeusPedidos/ucandidate-api/spec/factories/candidates.rb": [
        1,
        1,
        1,
        1,
        null,
        null
      ],
      "/Users/Ronan/Code/MeusPedidos/ucandidate-api/spec/factories/knowledges.rb": [
        1,
        1,
        1,
        1,
        null,
        null,
        1,
        1,
        1,
        null,
        null,
        null
      ],
      "/Users/Ronan/Code/MeusPedidos/ucandidate-api/app/models/knowledge.rb": [
        1,
        1,
        null,
        1,
        1,
        null,
        1,
        null,
        1,
        null
      ],
      "/Users/Ronan/Code/MeusPedidos/ucandidate-api/app/models/candidate.rb": [
        1,
        1,
        1,
        null,
        1,
        1,
        null,
        1,
        null,
        1,
        null,
        1,
        0,
        0,
        0,
        null,
        null,
        null
      ]
    },
    "timestamp": 1432942164
  }
}
